#
# There is insufficient memory for the Java Runtime Environment to continue.
# Native memory allocation (malloc) failed to allocate 2097152 bytes for AllocateHeap
# Possible reasons:
#   The system is out of physical RAM or swap space
#   The process is running with CompressedOops enabled, and the Java Heap may be blocking the growth of the native heap
# Possible solutions:
#   Reduce memory load on the system
#   Increase physical memory or swap space
#   Check if swap backing store is full
#   Decrease Java heap size (-Xmx/-Xms)
#   Decrease number of Java threads
#   Decrease Java thread stack sizes (-Xss)
#   Set larger code cache with -XX:ReservedCodeCacheSize=
#   JVM is running with Unscaled Compressed Oops mode in which the Java heap is
#     placed in the first 4GB address space. The Java Heap base address is the
#     maximum limit for the native heap growth. Please use -XX:HeapBaseMinAddress
#     to set the Java Heap base and to place the Java Heap above 4GB virtual address.
# This output file may be truncated or incomplete.
#
#  Out of Memory Error (allocation.cpp:44), pid=3808, tid=3892
#
# JRE version: OpenJDK Runtime Environment Temurin-17.0.4.1+1 (17.0.4.1+1) (build 17.0.4.1+1)
# Java VM: OpenJDK 64-Bit Server VM Temurin-17.0.4.1+1 (17.0.4.1+1, mixed mode, emulated-client, tiered, compressed oops, compressed class ptrs, g1 gc, windows-amd64)
# No core dump will be written. Minidumps are not enabled by default on client versions of Windows
#

---------------  S U M M A R Y ------------

Command Line: -Dsts.lsp.client=vscode -Dsts.log.file=/dev/null -XX:TieredStopAtLevel=1 -Xlog:jni+resolve=off -Dspring.config.location=file:c:\Users\Yulieth\.vscode\extensions\pivotal.vscode-spring-boot-1.40.0\language-server\BOOT-INF\classes\application.properties org.springframework.ide.vscode.boot.app.BootLanguageServerBootApp

Host: Intel(R) Core(TM)2 Duo CPU     E7500  @ 2.93GHz, 2 cores, 3G,  Windows 7 , 64 bit Build 7601 (6.1.7601.18015)
Time: Tue Nov 22 13:58:46 2022 Hora est. Pacífico, Sudamérica elapsed time: 916.778100 seconds (0d 0h 15m 16s)

---------------  T H R E A D  ---------------

Current thread (0x000000000d19f6b0):  VMThread "VM Thread" [stack: 0x000000000d340000,0x000000000d440000] [id=3892]

Stack: [0x000000000d340000,0x000000000d440000]
Native frames: (J=compiled Java code, j=interpreted, Vv=VM code, C=native code)
V  [jvm.dll+0x67731a]
V  [jvm.dll+0x832284]
V  [jvm.dll+0x833a2e]
V  [jvm.dll+0x834093]
V  [jvm.dll+0x245775]
V  [jvm.dll+0xa6393]
V  [jvm.dll+0x2f59c1]
V  [jvm.dll+0x2f1640]
V  [jvm.dll+0x2d9d27]
V  [jvm.dll+0x31ce37]
V  [jvm.dll+0x83853b]
V  [jvm.dll+0x839274]
V  [jvm.dll+0x83978c]
V  [jvm.dll+0x839b64]
V  [jvm.dll+0x839c30]
V  [jvm.dll+0x7e240a]
V  [jvm.dll+0x6761a5]
C  [ucrtbase.DLL+0x1c1ae]
C  [kernel32.dll+0x1652d]
C  [ntdll.dll+0x2c541]

VM_Operation (0x000000004efbecc0): G1CollectFull, mode: safepoint, requested by thread 0x0000000050da8050


---------------  P R O C E S S  ---------------

Threads class SMR info:
_java_thread_list=0x0000000054ed8e30, length=21, elements={
0x000000000d191a50, 0x000000000d61a2f0, 0x000000000d64ae80, 0x000000000d64ba00,
0x000000000d64e420, 0x000000000d64ece0, 0x000000000d64f5a0, 0x000000000d674e10,
0x000000004f103c50, 0x000000004f1203b0, 0x000000004f02f810, 0x0000000050da8050,
0x000000000d6a0b90, 0x000000000d72dc70, 0x0000000051161df0, 0x00000000511e62b0,
0x00000000511e6780, 0x00000000511e6c50, 0x00000000512492f0, 0x000000005124a160,
0x000000005124b970
}

Java Threads: ( => current thread )
  0x000000000d191a50 JavaThread "Reference Handler" daemon [_thread_blocked, id=4728, stack(0x000000004e090000,0x000000004e190000)]
  0x000000000d61a2f0 JavaThread "Finalizer" daemon [_thread_blocked, id=5188, stack(0x000000004e340000,0x000000004e440000)]
  0x000000000d64ae80 JavaThread "Signal Dispatcher" daemon [_thread_blocked, id=4536, stack(0x000000004e5c0000,0x000000004e6c0000)]
  0x000000000d64ba00 JavaThread "Attach Listener" daemon [_thread_blocked, id=6040, stack(0x000000004e820000,0x000000004e920000)]
  0x000000000d64e420 JavaThread "Service Thread" daemon [_thread_blocked, id=5884, stack(0x000000004e6d0000,0x000000004e7d0000)]
  0x000000000d64ece0 JavaThread "Monitor Deflation Thread" daemon [_thread_blocked, id=4344, stack(0x000000004e940000,0x000000004ea40000)]
  0x000000000d64f5a0 JavaThread "C1 CompilerThread0" daemon [_thread_blocked, id=1328, stack(0x000000004eac0000,0x000000004ebc0000)]
  0x000000000d674e10 JavaThread "Sweeper thread" daemon [_thread_blocked, id=5520, stack(0x000000004eca0000,0x000000004eda0000)]
  0x000000004f103c50 JavaThread "Notification Thread" daemon [_thread_blocked, id=3620, stack(0x000000004e480000,0x000000004e580000)]
  0x000000004f1203b0 JavaThread "Common-Cleaner" daemon [_thread_blocked, id=2044, stack(0x000000004f740000,0x000000004f840000)]
  0x000000004f02f810 JavaThread "boundedElastic-evictor-1" daemon [_thread_blocked, id=4208, stack(0x0000000050300000,0x0000000050400000)]
  0x0000000050da8050 JavaThread "pool-9-thread-1" [_thread_blocked, id=3488, stack(0x000000004eec0000,0x000000004efc0000)]
  0x000000000d6a0b90 JavaThread "LanguageServerApp-lifecycle" [_thread_blocked, id=4620, stack(0x0000000053180000,0x0000000053280000)]
  0x000000000d72dc70 JavaThread "DestroyJavaVM" [_thread_blocked, id=4188, stack(0x00000000022e0000,0x00000000023e0000)]
  0x0000000051161df0 JavaThread "pool-10-thread-1" [_thread_in_native, id=4504, stack(0x0000000053060000,0x0000000053160000)]
  0x00000000511e62b0 JavaThread "Simple-Language-Server main thread" daemon [_thread_blocked, id=1000, stack(0x00000000532f0000,0x00000000533f0000)]
  0x00000000511e6780 JavaThread "pool-7-thread-1" [_thread_blocked, id=4164, stack(0x00000000534e0000,0x00000000535e0000)]
  0x00000000511e6c50 JavaThread "parallel-1" daemon [_thread_blocked, id=4288, stack(0x00000000535e0000,0x00000000536e0000)]
  0x00000000512492f0 JavaThread "Reconciler-1" daemon [_thread_blocked, id=4296, stack(0x0000000051f00000,0x0000000052000000)]
  0x000000005124a160 JavaThread "parallel-2" daemon [_thread_blocked, id=4276, stack(0x0000000053940000,0x0000000053a40000)]
  0x000000005124b970 JavaThread "pool-5-thread-1" [_thread_blocked, id=5512, stack(0x0000000054290000,0x0000000054390000)]

Other Threads:
=>0x000000000d19f6b0 VMThread "VM Thread" [stack: 0x000000000d340000,0x000000000d440000] [id=3892]
  0x000000004f104120 WatcherThread [stack: 0x000000004f4b0000,0x000000004f5b0000] [id=1552]
  0x0000000000480890 GCTaskThread "GC Thread#0" [stack: 0x000000000ab60000,0x000000000ac60000] [id=5476]
  0x000000004f3ef6f0 GCTaskThread "GC Thread#1" [stack: 0x000000004eda0000,0x000000004eea0000] [id=5336]
  0x0000000000489180 ConcurrentGCThread "G1 Main Marker" [stack: 0x000000000ad80000,0x000000000ae80000] [id=4612]
  0x000000000048a7a0 ConcurrentGCThread "G1 Conc#0" [stack: 0x000000000ac70000,0x000000000ad70000] [id=3268]
  0x00000000004c5e10 ConcurrentGCThread "G1 Refine#0" [stack: 0x000000000d1f0000,0x000000000d2f0000] [id=5612]
  0x0000000051bcfc00 ConcurrentGCThread "G1 Refine#1" [stack: 0x0000000055e50000,0x0000000055f50000] [id=3192]
  0x00000000004c7740 ConcurrentGCThread "G1 Service" [stack: 0x000000000d480000,0x000000000d580000] [id=5964]

Threads with active compile tasks:

VM state: at safepoint (normal execution)

VM Mutex/Monitor currently owned by a thread:  ([mutex/lock_event])
[0x000000000041ebd0] Threads_lock - owner thread: 0x000000000d19f6b0
[0x00000000004161e0] Heap_lock - owner thread: 0x0000000050da8050

Heap address: 0x00000000c1800000, size: 1000 MB, Compressed Oops mode: 32-bit

CDS archive(s) not mapped
Compressed class space mapped at: 0x000000000d800000-0x000000004d800000, reserved size: 1073741824
Narrow klass base: 0x0000000000000000, Narrow klass shift: 0, Narrow klass range: 0x4d800000

GC Precious Log:
 CPUs: 2 total, 2 available
 Memory: 3995M
 Large Page Support: Disabled
 NUMA Support: Disabled
 Compressed Oops: Enabled (32-bit)
 Heap Region Size: 1M
 Heap Min Capacity: 8M
 Heap Initial Capacity: 64M
 Heap Max Capacity: 1000M
 Pre-touch: Disabled
 Parallel Workers: 2
 Concurrent Workers: 1
 Concurrent Refinement Workers: 2
 Periodic GC: Disabled

Heap:
 garbage-first heap   total 116736K, used 34488K [0x00000000c1800000, 0x0000000100000000)
  region size 1024K, 1 young (1024K), 0 survivors (0K)
 Metaspace       used 46382K, committed 46848K, reserved 1089536K
  class space    used 6344K, committed 6528K, reserved 1048576K

Heap Regions: E=young(eden), S=young(survivor), O=old, HS=humongous(starts), HC=humongous(continues), CS=collection set, F=free, OA=open archive, CA=closed archive, TAMS=top-at-mark-start (previous, next)
|   0|0x00000000c1800000, 0x00000000c1900000, 0x00000000c1900000|100%| O|  |TAMS 0x00000000c1900000, 0x00000000c1800000| Untracked 
|   1|0x00000000c1900000, 0x00000000c1a00000, 0x00000000c1a00000|100%| O|  |TAMS 0x00000000c1a00000, 0x00000000c1900000| Untracked 
|   2|0x00000000c1a00000, 0x00000000c1afffb8, 0x00000000c1b00000| 99%| O|  |TAMS 0x00000000c1afffb8, 0x00000000c1a00000| Untracked 
|   3|0x00000000c1b00000, 0x00000000c1bfc440, 0x00000000c1c00000| 98%| O|  |TAMS 0x00000000c1bfc440, 0x00000000c1b00000| Untracked 
|   4|0x00000000c1c00000, 0x00000000c1cffff8, 0x00000000c1d00000| 99%| O|  |TAMS 0x00000000c1cffff8, 0x00000000c1c00000| Untracked 
|   5|0x00000000c1d00000, 0x00000000c1dffff0, 0x00000000c1e00000| 99%| O|  |TAMS 0x00000000c1dffff0, 0x00000000c1d00000| Untracked 
|   6|0x00000000c1e00000, 0x00000000c1efff88, 0x00000000c1f00000| 99%| O|  |TAMS 0x00000000c1efff88, 0x00000000c1e00000| Untracked 
|   7|0x00000000c1f00000, 0x00000000c2000000, 0x00000000c2000000|100%| O|  |TAMS 0x00000000c2000000, 0x00000000c1f00000| Untracked 
|   8|0x00000000c2000000, 0x00000000c20ffff0, 0x00000000c2100000| 99%| O|  |TAMS 0x00000000c20ffff0, 0x00000000c2000000| Untracked 
|   9|0x00000000c2100000, 0x00000000c21fffd8, 0x00000000c2200000| 99%| O|  |TAMS 0x00000000c21fffd8, 0x00000000c2100000| Untracked 
|  10|0x00000000c2200000, 0x00000000c22fffe8, 0x00000000c2300000| 99%| O|  |TAMS 0x00000000c22fffe8, 0x00000000c2200000| Untracked 
|  11|0x00000000c2300000, 0x00000000c23fffe8, 0x00000000c2400000| 99%| O|  |TAMS 0x00000000c23fffe8, 0x00000000c2300000| Untracked 
|  12|0x00000000c2400000, 0x00000000c2500000, 0x00000000c2500000|100%| O|  |TAMS 0x00000000c2500000, 0x00000000c2400000| Untracked 
|  13|0x00000000c2500000, 0x00000000c2600000, 0x00000000c2600000|100%| O|  |TAMS 0x00000000c2600000, 0x00000000c2500000| Untracked 
|  14|0x00000000c2600000, 0x00000000c26fff98, 0x00000000c2700000| 99%| O|  |TAMS 0x00000000c26fff98, 0x00000000c2600000| Untracked 
|  15|0x00000000c2700000, 0x00000000c2800000, 0x00000000c2800000|100%| O|  |TAMS 0x00000000c2800000, 0x00000000c2700000| Untracked 
|  16|0x00000000c2800000, 0x00000000c28fffc0, 0x00000000c2900000| 99%| O|  |TAMS 0x00000000c28fffc0, 0x00000000c2800000| Untracked 
|  17|0x00000000c2900000, 0x00000000c29c6fd0, 0x00000000c2a00000| 77%| O|  |TAMS 0x00000000c2900000, 0x00000000c2900000| Untracked 
|  18|0x00000000c2a00000, 0x00000000c2afffd8, 0x00000000c2b00000| 99%| O|  |TAMS 0x00000000c2afffd8, 0x00000000c2a00000| Untracked 
|  19|0x00000000c2b00000, 0x00000000c2b00000, 0x00000000c2c00000|  0%| F|  |TAMS 0x00000000c2b00000, 0x00000000c2b00000| Untracked 
|  20|0x00000000c2c00000, 0x00000000c2cf99d8, 0x00000000c2d00000| 97%| O|  |TAMS 0x00000000c2cf99d8, 0x00000000c2c00000| Untracked 
|  21|0x00000000c2d00000, 0x00000000c2dfffd8, 0x00000000c2e00000| 99%| O|  |TAMS 0x00000000c2dfffd8, 0x00000000c2d00000| Untracked 
|  22|0x00000000c2e00000, 0x00000000c2ef5d10, 0x00000000c2f00000| 96%| O|  |TAMS 0x00000000c2ef5d10, 0x00000000c2e00000| Untracked 
|  23|0x00000000c2f00000, 0x00000000c3000000, 0x00000000c3000000|100%| O|  |TAMS 0x00000000c3000000, 0x00000000c2f00000| Untracked 
|  24|0x00000000c3000000, 0x00000000c3000000, 0x00000000c3100000|  0%| F|  |TAMS 0x00000000c3000000, 0x00000000c3000000| Untracked 
|  25|0x00000000c3100000, 0x00000000c31ffff0, 0x00000000c3200000| 99%| O|  |TAMS 0x00000000c31ffff0, 0x00000000c3100000| Untracked 
|  26|0x00000000c3200000, 0x00000000c32fbb08, 0x00000000c3300000| 98%| O|  |TAMS 0x00000000c32fbb08, 0x00000000c3200000| Untracked 
|  27|0x00000000c3300000, 0x00000000c3300000, 0x00000000c3400000|  0%| F|  |TAMS 0x00000000c3300000, 0x00000000c3300000| Untracked 
|  28|0x00000000c3400000, 0x00000000c34fffa0, 0x00000000c3500000| 99%| O|  |TAMS 0x00000000c34fffa0, 0x00000000c3400000| Untracked 
|  29|0x00000000c3500000, 0x00000000c3500000, 0x00000000c3600000|  0%| F|  |TAMS 0x00000000c3500000, 0x00000000c3500000| Untracked 
|  30|0x00000000c3600000, 0x00000000c3600000, 0x00000000c3700000|  0%| F|  |TAMS 0x00000000c3600000, 0x00000000c3600000| Untracked 
|  31|0x00000000c3700000, 0x00000000c3700000, 0x00000000c3800000|  0%| F|  |TAMS 0x00000000c3700000, 0x00000000c3700000| Untracked 
|  32|0x00000000c3800000, 0x00000000c3800000, 0x00000000c3900000|  0%| F|  |TAMS 0x00000000c3800000, 0x00000000c3800000| Untracked 
|  33|0x00000000c3900000, 0x00000000c3900000, 0x00000000c3a00000|  0%| F|  |TAMS 0x00000000c3900000, 0x00000000c3900000| Untracked 
|  34|0x00000000c3a00000, 0x00000000c3b00000, 0x00000000c3b00000|100%|HS|  |TAMS 0x00000000c3b00000, 0x00000000c3a00000| Untracked 
|  35|0x00000000c3b00000, 0x00000000c3c00000, 0x00000000c3c00000|100%|HC|  |TAMS 0x00000000c3c00000, 0x00000000c3b00000| Untracked 
|  36|0x00000000c3c00000, 0x00000000c3d00000, 0x00000000c3d00000|100%|HS|  |TAMS 0x00000000c3d00000, 0x00000000c3c00000| Untracked 
|  37|0x00000000c3d00000, 0x00000000c3e00000, 0x00000000c3e00000|100%| O|  |TAMS 0x00000000c3e00000, 0x00000000c3d00000| Untracked 
|  38|0x00000000c3e00000, 0x00000000c3f00000, 0x00000000c3f00000|100%| O|  |TAMS 0x00000000c3f00000, 0x00000000c3e00000| Untracked 
|  39|0x00000000c3f00000, 0x00000000c4000000, 0x00000000c4000000|100%| O|  |TAMS 0x00000000c4000000, 0x00000000c3f00000| Untracked 
|  40|0x00000000c4000000, 0x00000000c4000000, 0x00000000c4100000|  0%| F|  |TAMS 0x00000000c4000000, 0x00000000c4000000| Untracked 
|  41|0x00000000c4100000, 0x00000000c4100000, 0x00000000c4200000|  0%| F|  |TAMS 0x00000000c4100000, 0x00000000c4100000| Untracked 
|  42|0x00000000c4200000, 0x00000000c4200000, 0x00000000c4300000|  0%| F|  |TAMS 0x00000000c4200000, 0x00000000c4200000| Untracked 
|  43|0x00000000c4300000, 0x00000000c4300000, 0x00000000c4400000|  0%| F|  |TAMS 0x00000000c4300000, 0x00000000c4300000| Untracked 
|  44|0x00000000c4400000, 0x00000000c4400000, 0x00000000c4500000|  0%| F|  |TAMS 0x00000000c4400000, 0x00000000c4400000| Untracked 
|  45|0x00000000c4500000, 0x00000000c4500000, 0x00000000c4600000|  0%| F|  |TAMS 0x00000000c4500000, 0x00000000c4500000| Untracked 
|  46|0x00000000c4600000, 0x00000000c4600000, 0x00000000c4700000|  0%| F|  |TAMS 0x00000000c4600000, 0x00000000c4600000| Untracked 
|  47|0x00000000c4700000, 0x00000000c4700000, 0x00000000c4800000|  0%| F|  |TAMS 0x00000000c4700000, 0x00000000c4700000| Untracked 
|  48|0x00000000c4800000, 0x00000000c4800000, 0x00000000c4900000|  0%| F|  |TAMS 0x00000000c4800000, 0x00000000c4800000| Untracked 
|  49|0x00000000c4900000, 0x00000000c4a00000, 0x00000000c4a00000|100%| O|  |TAMS 0x00000000c4a00000, 0x00000000c4900000| Untracked 
|  50|0x00000000c4a00000, 0x00000000c4a00000, 0x00000000c4b00000|  0%| F|  |TAMS 0x00000000c4a00000, 0x00000000c4a00000| Untracked 
|  51|0x00000000c4b00000, 0x00000000c4b00000, 0x00000000c4c00000|  0%| F|  |TAMS 0x00000000c4b00000, 0x00000000c4b00000| Untracked 
|  52|0x00000000c4c00000, 0x00000000c4c00000, 0x00000000c4d00000|  0%| F|  |TAMS 0x00000000c4c00000, 0x00000000c4c00000| Untracked 
|  53|0x00000000c4d00000, 0x00000000c4e00000, 0x00000000c4e00000|100%|HS|  |TAMS 0x00000000c4e00000, 0x00000000c4d00000| Untracked 
|  54|0x00000000c4e00000, 0x00000000c4e00000, 0x00000000c4f00000|  0%| F|  |TAMS 0x00000000c4e00000, 0x00000000c4e00000| Untracked 
|  55|0x00000000c4f00000, 0x00000000c4f00000, 0x00000000c5000000|  0%| F|  |TAMS 0x00000000c4f00000, 0x00000000c4f00000| Untracked 
|  56|0x00000000c5000000, 0x00000000c5000000, 0x00000000c5100000|  0%| F|  |TAMS 0x00000000c5000000, 0x00000000c5000000| Untracked 
|  57|0x00000000c5100000, 0x00000000c5100000, 0x00000000c5200000|  0%| F|  |TAMS 0x00000000c5100000, 0x00000000c5100000| Untracked 
|  58|0x00000000c5200000, 0x00000000c5200000, 0x00000000c5300000|  0%| F|  |TAMS 0x00000000c5200000, 0x00000000c5200000| Untracked 
|  59|0x00000000c5300000, 0x00000000c5300000, 0x00000000c5400000|  0%| F|  |TAMS 0x00000000c5300000, 0x00000000c5300000| Untracked 
|  60|0x00000000c5400000, 0x00000000c5400000, 0x00000000c5500000|  0%| F|  |TAMS 0x00000000c5400000, 0x00000000c5400000| Untracked 
|  61|0x00000000c5500000, 0x00000000c5500000, 0x00000000c5600000|  0%| F|  |TAMS 0x00000000c5500000, 0x00000000c5500000| Untracked 
|  62|0x00000000c5600000, 0x00000000c5600000, 0x00000000c5700000|  0%| F|  |TAMS 0x00000000c5600000, 0x00000000c5600000| Untracked 
|  63|0x00000000c5700000, 0x00000000c5700000, 0x00000000c5800000|  0%| F|  |TAMS 0x00000000c5700000, 0x00000000c5700000| Untracked 
|  64|0x00000000c5800000, 0x00000000c5800000, 0x00000000c5900000|  0%| F|  |TAMS 0x00000000c5800000, 0x00000000c5800000| Untracked 
|  65|0x00000000c5900000, 0x00000000c5900000, 0x00000000c5a00000|  0%| F|  |TAMS 0x00000000c5900000, 0x00000000c5900000| Untracked 
|  66|0x00000000c5a00000, 0x00000000c5a00000, 0x00000000c5b00000|  0%| F|  |TAMS 0x00000000c5a00000, 0x00000000c5a00000| Untracked 
|  67|0x00000000c5b00000, 0x00000000c5b00000, 0x00000000c5c00000|  0%| F|  |TAMS 0x00000000c5b00000, 0x00000000c5b00000| Untracked 
|  68|0x00000000c5c00000, 0x00000000c5c00000, 0x00000000c5d00000|  0%| F|  |TAMS 0x00000000c5c00000, 0x00000000c5c00000| Untracked 
|  69|0x00000000c5d00000, 0x00000000c5d00000, 0x00000000c5e00000|  0%| F|  |TAMS 0x00000000c5d00000, 0x00000000c5d00000| Untracked 
|  70|0x00000000c5e00000, 0x00000000c5e00000, 0x00000000c5f00000|  0%| F|  |TAMS 0x00000000c5e00000, 0x00000000c5e00000| Untracked 
|  71|0x00000000c5f00000, 0x00000000c5f00000, 0x00000000c6000000|  0%| F|  |TAMS 0x00000000c5f00000, 0x00000000c5f00000| Untracked 
|  72|0x00000000c6000000, 0x00000000c6000000, 0x00000000c6100000|  0%| F|  |TAMS 0x00000000c6000000, 0x00000000c6000000| Untracked 
|  73|0x00000000c6100000, 0x00000000c6100000, 0x00000000c6200000|  0%| F|  |TAMS 0x00000000c6100000, 0x00000000c6100000| Untracked 
|  74|0x00000000c6200000, 0x00000000c6200000, 0x00000000c6300000|  0%| F|  |TAMS 0x00000000c6200000, 0x00000000c6200000| Untracked 
|  75|0x00000000c6300000, 0x00000000c6300000, 0x00000000c6400000|  0%| F|  |TAMS 0x00000000c6300000, 0x00000000c6300000| Untracked 
|  76|0x00000000c6400000, 0x00000000c6400000, 0x00000000c6500000|  0%| F|  |TAMS 0x00000000c6400000, 0x00000000c6400000| Untracked 
|  77|0x00000000c6500000, 0x00000000c6500000, 0x00000000c6600000|  0%| F|  |TAMS 0x00000000c6500000, 0x00000000c6500000| Untracked 
|  78|0x00000000c6600000, 0x00000000c6600000, 0x00000000c6700000|  0%| F|  |TAMS 0x00000000c6600000, 0x00000000c6600000| Untracked 
|  79|0x00000000c6700000, 0x00000000c6700000, 0x00000000c6800000|  0%| F|  |TAMS 0x00000000c6700000, 0x00000000c6700000| Untracked 
|  80|0x00000000c6800000, 0x00000000c6800000, 0x00000000c6900000|  0%| F|  |TAMS 0x00000000c6800000, 0x00000000c6800000| Untracked 
|  81|0x00000000c6900000, 0x00000000c6900000, 0x00000000c6a00000|  0%| F|  |TAMS 0x00000000c6900000, 0x00000000c6900000| Untracked 
|  82|0x00000000c6a00000, 0x00000000c6a00000, 0x00000000c6b00000|  0%| F|  |TAMS 0x00000000c6a00000, 0x00000000c6a00000| Untracked 
|  83|0x00000000c6b00000, 0x00000000c6b00000, 0x00000000c6c00000|  0%| F|  |TAMS 0x00000000c6b00000, 0x00000000c6b00000| Untracked 
|  84|0x00000000c6c00000, 0x00000000c6c00000, 0x00000000c6d00000|  0%| F|  |TAMS 0x00000000c6c00000, 0x00000000c6c00000| Untracked 
|  85|0x00000000c6d00000, 0x00000000c6d00000, 0x00000000c6e00000|  0%| F|  |TAMS 0x00000000c6d00000, 0x00000000c6d00000| Untracked 
|  86|0x00000000c6e00000, 0x00000000c6e00000, 0x00000000c6f00000|  0%| F|  |TAMS 0x00000000c6e00000, 0x00000000c6e00000| Untracked 
|  87|0x00000000c6f00000, 0x00000000c6f00000, 0x00000000c7000000|  0%| F|  |TAMS 0x00000000c6f00000, 0x00000000c6f00000| Untracked 
|  88|0x00000000c7000000, 0x00000000c7000000, 0x00000000c7100000|  0%| F|  |TAMS 0x00000000c7000000, 0x00000000c7000000| Untracked 
|  89|0x00000000c7100000, 0x00000000c7100000, 0x00000000c7200000|  0%| F|  |TAMS 0x00000000c7100000, 0x00000000c7100000| Untracked 
|  90|0x00000000c7200000, 0x00000000c7200000, 0x00000000c7300000|  0%| F|  |TAMS 0x00000000c7200000, 0x00000000c7200000| Untracked 
|  91|0x00000000c7300000, 0x00000000c7300000, 0x00000000c7400000|  0%| F|  |TAMS 0x00000000c7300000, 0x00000000c7300000| Untracked 
|  92|0x00000000c7400000, 0x00000000c7400000, 0x00000000c7500000|  0%| F|  |TAMS 0x00000000c7400000, 0x00000000c7400000| Untracked 
|  93|0x00000000c7500000, 0x00000000c7500000, 0x00000000c7600000|  0%| F|  |TAMS 0x00000000c7500000, 0x00000000c7500000| Untracked 
|  94|0x00000000c7600000, 0x00000000c7600000, 0x00000000c7700000|  0%| F|  |TAMS 0x00000000c7600000, 0x00000000c7600000| Untracked 
|  95|0x00000000c7700000, 0x00000000c7700000, 0x00000000c7800000|  0%| F|  |TAMS 0x00000000c7700000, 0x00000000c7700000| Untracked 
|  96|0x00000000c7800000, 0x00000000c7800000, 0x00000000c7900000|  0%| F|  |TAMS 0x00000000c7800000, 0x00000000c7800000| Untracked 
|  97|0x00000000c7900000, 0x00000000c7900000, 0x00000000c7a00000|  0%| F|  |TAMS 0x00000000c7900000, 0x00000000c7900000| Untracked 
|  98|0x00000000c7a00000, 0x00000000c7a00000, 0x00000000c7b00000|  0%| F|  |TAMS 0x00000000c7a00000, 0x00000000c7a00000| Untracked 
|  99|0x00000000c7b00000, 0x00000000c7b00000, 0x00000000c7c00000|  0%| F|  |TAMS 0x00000000c7b00000, 0x00000000c7b00000| Untracked 
| 100|0x00000000c7c00000, 0x00000000c7c00000, 0x00000000c7d00000|  0%| F|  |TAMS 0x00000000c7c00000, 0x00000000c7c00000| Untracked 
| 101|0x00000000c7d00000, 0x00000000c7d00000, 0x00000000c7e00000|  0%| F|  |TAMS 0x00000000c7d00000, 0x00000000c7d00000| Untracked 
| 102|0x00000000c7e00000, 0x00000000c7e00000, 0x00000000c7f00000|  0%| F|  |TAMS 0x00000000c7e00000, 0x00000000c7e00000| Untracked 
| 103|0x00000000c7f00000, 0x00000000c7f00000, 0x00000000c8000000|  0%| F|  |TAMS 0x00000000c7f00000, 0x00000000c7f00000| Untracked 
| 104|0x00000000c8000000, 0x00000000c8000000, 0x00000000c8100000|  0%| F|  |TAMS 0x00000000c8000000, 0x00000000c8000000| Untracked 
| 105|0x00000000c8100000, 0x00000000c8100000, 0x00000000c8200000|  0%| F|  |TAMS 0x00000000c8100000, 0x00000000c8100000| Untracked 
| 106|0x00000000c8200000, 0x00000000c8200000, 0x00000000c8300000|  0%| F|  |TAMS 0x00000000c8200000, 0x00000000c8200000| Untracked 
| 107|0x00000000c8300000, 0x00000000c8300000, 0x00000000c8400000|  0%| F|  |TAMS 0x00000000c8300000, 0x00000000c8300000| Untracked 
| 108|0x00000000c8400000, 0x00000000c8400000, 0x00000000c8500000|  0%| F|  |TAMS 0x00000000c8400000, 0x00000000c8400000| Untracked 
| 109|0x00000000c8500000, 0x00000000c8500000, 0x00000000c8600000|  0%| F|  |TAMS 0x00000000c8500000, 0x00000000c8500000| Untracked 
| 110|0x00000000c8600000, 0x00000000c8600000, 0x00000000c8700000|  0%| F|  |TAMS 0x00000000c8600000, 0x00000000c8600000| Untracked 
| 111|0x00000000c8700000, 0x00000000c8700000, 0x00000000c8800000|  0%| F|  |TAMS 0x00000000c8700000, 0x00000000c8700000| Untracked 
| 112|0x00000000c8800000, 0x00000000c8800000, 0x00000000c8900000|  0%| F|  |TAMS 0x00000000c8800000, 0x00000000c8800000| Untracked 
| 113|0x00000000c8900000, 0x00000000c891f8a8, 0x00000000c8a00000| 12%| E|  |TAMS 0x00000000c8900000, 0x00000000c8900000| Complete 

Card table byte_map: [0x00000000087c0000,0x00000000089c0000] _byte_map_base: 0x00000000081b4000

Marking Bits (Prev, Next): (CMBitMap*) 0x0000000000480b50, (CMBitMap*) 0x0000000000480b90
 Prev Bits: [0x0000000008bc0000, 0x0000000009b60000)
 Next Bits: [0x0000000009b60000, 0x000000000ab00000)

Polling page: 0x0000000000340000

Metaspace:

Usage:
  Non-class:     39.10 MB used.
      Class:      6.20 MB used.
       Both:     45.29 MB used.

Virtual space:
  Non-class space:       40.00 MB reserved,      39.38 MB ( 98%) committed,  5 nodes.
      Class space:        1.00 GB reserved,       6.38 MB ( <1%) committed,  1 nodes.
             Both:        1.04 GB reserved,      45.75 MB (  4%) committed. 

Chunk freelists:
   Non-Class:  331.00 KB
       Class:  1.70 MB
        Both:  2.02 MB

MaxMetaspaceSize: unlimited
CompressedClassSpaceSize: 1.00 GB
Initial GC threshold: 21.00 MB
Current GC threshold: 76.06 MB
CDS: off
MetaspaceReclaimPolicy: balanced
 - commit_granule_bytes: 65536.
 - commit_granule_words: 8192.
 - virtual_space_node_default_size: 1048576.
 - enlarge_chunks_in_place: 1.
 - new_chunks_are_fully_committed: 0.
 - uncommit_free_chunks: 1.
 - use_allocation_guard: 0.
 - handle_deallocations: 1.


Internal statistics:

num_allocs_failed_limit: 6.
num_arena_births: 456.
num_arena_deaths: 128.
num_vsnodes_births: 6.
num_vsnodes_deaths: 0.
num_space_committed: 732.
num_space_uncommitted: 0.
num_chunks_returned_to_freelist: 159.
num_chunks_taken_from_freelist: 1890.
num_chunk_merges: 56.
num_chunk_splits: 1330.
num_chunks_enlarged: 1044.
num_purges: 10.
num_inconsistent_stats: 0.

CodeCache: size=49152Kb used=10927Kb max_used=11447Kb free=38224Kb
 bounds [0x00000000054b0000, 0x0000000005fe0000, 0x00000000084b0000]
 total_blobs=6437 nmethods=5872 adapters=492
 compilation: enabled
              stopped_count=0, restarted_count=0
 full_count=0

Compilation events (20 events):
Event: 588.062 Thread 0x000000000d64f5a0 5869       1       java.lang.invoke.DirectMethodHandle$Holder::invokeStatic (17 bytes)
Event: 588.062 Thread 0x000000000d64f5a0 nmethod 5869 0x0000000005d09210 code [0x0000000005d093c0, 0x0000000005d094d8]
Event: 610.746 Thread 0x000000000d64f5a0 5870       1       java.util.concurrent.TimeUnit::convert (77 bytes)
Event: 610.747 Thread 0x000000000d64f5a0 nmethod 5870 0x0000000005d08c10 code [0x0000000005d08e00, 0x0000000005d09088]
Event: 611.379 Thread 0x000000000d64f5a0 5871       1       java.util.concurrent.ScheduledThreadPoolExecutor$ScheduledFutureTask::getDelay (16 bytes)
Event: 611.379 Thread 0x000000000d64f5a0 nmethod 5871 0x0000000005d08890 code [0x0000000005d08a20, 0x0000000005d08b48]
Event: 666.949 Thread 0x000000000d64f5a0 5872       1       java.lang.invoke.DirectMethodHandle$Holder::invokeStatic (14 bytes)
Event: 666.949 Thread 0x000000000d64f5a0 nmethod 5872 0x0000000005d08510 code [0x0000000005d086c0, 0x0000000005d087d8]
Event: 666.949 Thread 0x000000000d64f5a0 5873       1       java.lang.invoke.DirectMethodHandle$Holder::invokeStatic (17 bytes)
Event: 666.949 Thread 0x000000000d64f5a0 nmethod 5873 0x0000000005d08110 code [0x0000000005d082c0, 0x0000000005d083d8]
Event: 666.949 Thread 0x000000000d64f5a0 5874       1       java.lang.invoke.LambdaForm$MH/0x000000000d8d0400::invoke (32 bytes)
Event: 666.949 Thread 0x000000000d64f5a0 nmethod 5874 0x0000000005d07d10 code [0x0000000005d07ec0, 0x0000000005d08018]
Event: 666.949 Thread 0x000000000d64f5a0 5875       1       java.lang.invoke.DirectMethodHandle$Holder::invokeStatic (21 bytes)
Event: 666.950 Thread 0x000000000d64f5a0 nmethod 5875 0x0000000005d07910 code [0x0000000005d07ac0, 0x0000000005d07bd8]
Event: 666.950 Thread 0x000000000d64f5a0 5876       1       java.lang.StringConcatHelper::prepend (22 bytes)
Event: 666.950 Thread 0x000000000d64f5a0 nmethod 5876 0x0000000005d07590 code [0x0000000005d07740, 0x0000000005d07838]
Event: 760.871 Thread 0x000000000d64f5a0 5877       1       java.util.concurrent.locks.ReentrantLock$NonfairSync::tryAcquire (27 bytes)
Event: 760.871 Thread 0x000000000d64f5a0 nmethod 5877 0x0000000005d07210 code [0x0000000005d073a0, 0x0000000005d07518]
Event: 820.720 Thread 0x000000000d64f5a0 5878       1       java.util.concurrent.locks.LockSupport::parkNanos (29 bytes)
Event: 820.721 Thread 0x000000000d64f5a0 nmethod 5878 0x0000000005d06e10 code [0x0000000005d06fc0, 0x0000000005d071a8]

GC Heap History (20 events):
Event: 802.688 GC heap before
{Heap before GC invocations=107 (full 59):
 garbage-first heap   total 116736K, used 34488K [0x00000000c1800000, 0x0000000100000000)
  region size 1024K, 1 young (1024K), 0 survivors (0K)
 Metaspace       used 46382K, committed 46848K, reserved 1089536K
  class space    used 6344K, committed 6528K, reserved 1048576K
}
Event: 802.790 GC heap after
{Heap after GC invocations=108 (full 60):
 garbage-first heap   total 116736K, used 34488K [0x00000000c1800000, 0x0000000100000000)
  region size 1024K, 0 young (0K), 0 survivors (0K)
 Metaspace       used 46382K, committed 46848K, reserved 1089536K
  class space    used 6344K, committed 6528K, reserved 1048576K
}
Event: 813.363 GC heap before
{Heap before GC invocations=108 (full 60):
 garbage-first heap   total 116736K, used 34488K [0x00000000c1800000, 0x0000000100000000)
  region size 1024K, 1 young (1024K), 0 survivors (0K)
 Metaspace       used 46382K, committed 46848K, reserved 1089536K
  class space    used 6344K, committed 6528K, reserved 1048576K
}
Event: 813.419 GC heap after
{Heap after GC invocations=109 (full 61):
 garbage-first heap   total 116736K, used 34488K [0x00000000c1800000, 0x0000000100000000)
  region size 1024K, 0 young (0K), 0 survivors (0K)
 Metaspace       used 46382K, committed 46848K, reserved 1089536K
  class space    used 6344K, committed 6528K, reserved 1048576K
}
Event: 823.671 GC heap before
{Heap before GC invocations=109 (full 61):
 garbage-first heap   total 116736K, used 34488K [0x00000000c1800000, 0x0000000100000000)
  region size 1024K, 1 young (1024K), 0 survivors (0K)
 Metaspace       used 46382K, committed 46848K, reserved 1089536K
  class space    used 6344K, committed 6528K, reserved 1048576K
}
Event: 823.728 GC heap after
{Heap after GC invocations=110 (full 62):
 garbage-first heap   total 116736K, used 34488K [0x00000000c1800000, 0x0000000100000000)
  region size 1024K, 0 young (0K), 0 survivors (0K)
 Metaspace       used 46382K, committed 46848K, reserved 1089536K
  class space    used 6344K, committed 6528K, reserved 1048576K
}
Event: 833.974 GC heap before
{Heap before GC invocations=110 (full 62):
 garbage-first heap   total 116736K, used 34488K [0x00000000c1800000, 0x0000000100000000)
  region size 1024K, 1 young (1024K), 0 survivors (0K)
 Metaspace       used 46382K, committed 46848K, reserved 1089536K
  class space    used 6344K, committed 6528K, reserved 1048576K
}
Event: 834.031 GC heap after
{Heap after GC invocations=111 (full 63):
 garbage-first heap   total 116736K, used 34488K [0x00000000c1800000, 0x0000000100000000)
  region size 1024K, 0 young (0K), 0 survivors (0K)
 Metaspace       used 46382K, committed 46848K, reserved 1089536K
  class space    used 6344K, committed 6528K, reserved 1048576K
}
Event: 844.541 GC heap before
{Heap before GC invocations=111 (full 63):
 garbage-first heap   total 116736K, used 34488K [0x00000000c1800000, 0x0000000100000000)
  region size 1024K, 1 young (1024K), 0 survivors (0K)
 Metaspace       used 46382K, committed 46848K, reserved 1089536K
  class space    used 6344K, committed 6528K, reserved 1048576K
}
Event: 844.599 GC heap after
{Heap after GC invocations=112 (full 64):
 garbage-first heap   total 116736K, used 34488K [0x00000000c1800000, 0x0000000100000000)
  region size 1024K, 0 young (0K), 0 survivors (0K)
 Metaspace       used 46382K, committed 46848K, reserved 1089536K
  class space    used 6344K, committed 6528K, reserved 1048576K
}
Event: 854.899 GC heap before
{Heap before GC invocations=112 (full 64):
 garbage-first heap   total 116736K, used 34488K [0x00000000c1800000, 0x0000000100000000)
  region size 1024K, 1 young (1024K), 0 survivors (0K)
 Metaspace       used 46382K, committed 46848K, reserved 1089536K
  class space    used 6344K, committed 6528K, reserved 1048576K
}
Event: 854.952 GC heap after
{Heap after GC invocations=113 (full 65):
 garbage-first heap   total 116736K, used 34488K [0x00000000c1800000, 0x0000000100000000)
  region size 1024K, 0 young (0K), 0 survivors (0K)
 Metaspace       used 46382K, committed 46848K, reserved 1089536K
  class space    used 6344K, committed 6528K, reserved 1048576K
}
Event: 865.238 GC heap before
{Heap before GC invocations=113 (full 65):
 garbage-first heap   total 116736K, used 34488K [0x00000000c1800000, 0x0000000100000000)
  region size 1024K, 1 young (1024K), 0 survivors (0K)
 Metaspace       used 46382K, committed 46848K, reserved 1089536K
  class space    used 6344K, committed 6528K, reserved 1048576K
}
Event: 865.293 GC heap after
{Heap after GC invocations=114 (full 66):
 garbage-first heap   total 116736K, used 34488K [0x00000000c1800000, 0x0000000100000000)
  region size 1024K, 0 young (0K), 0 survivors (0K)
 Metaspace       used 46382K, committed 46848K, reserved 1089536K
  class space    used 6344K, committed 6528K, reserved 1048576K
}
Event: 876.057 GC heap before
{Heap before GC invocations=114 (full 66):
 garbage-first heap   total 116736K, used 34488K [0x00000000c1800000, 0x0000000100000000)
  region size 1024K, 1 young (1024K), 0 survivors (0K)
 Metaspace       used 46382K, committed 46848K, reserved 1089536K
  class space    used 6344K, committed 6528K, reserved 1048576K
}
Event: 876.117 GC heap after
{Heap after GC invocations=115 (full 67):
 garbage-first heap   total 116736K, used 34488K [0x00000000c1800000, 0x0000000100000000)
  region size 1024K, 0 young (0K), 0 survivors (0K)
 Metaspace       used 46382K, committed 46848K, reserved 1089536K
  class space    used 6344K, committed 6528K, reserved 1048576K
}
Event: 887.106 GC heap before
{Heap before GC invocations=115 (full 67):
 garbage-first heap   total 116736K, used 34488K [0x00000000c1800000, 0x0000000100000000)
  region size 1024K, 1 young (1024K), 0 survivors (0K)
 Metaspace       used 46382K, committed 46848K, reserved 1089536K
  class space    used 6344K, committed 6528K, reserved 1048576K
}
Event: 887.179 GC heap after
{Heap after GC invocations=116 (full 68):
 garbage-first heap   total 116736K, used 34488K [0x00000000c1800000, 0x0000000100000000)
  region size 1024K, 0 young (0K), 0 survivors (0K)
 Metaspace       used 46382K, committed 46848K, reserved 1089536K
  class space    used 6344K, committed 6528K, reserved 1048576K
}
Event: 900.530 GC heap before
{Heap before GC invocations=116 (full 68):
 garbage-first heap   total 116736K, used 34488K [0x00000000c1800000, 0x0000000100000000)
  region size 1024K, 1 young (1024K), 0 survivors (0K)
 Metaspace       used 46382K, committed 46848K, reserved 1089536K
  class space    used 6344K, committed 6528K, reserved 1048576K
}
Event: 900.620 GC heap after
{Heap after GC invocations=117 (full 69):
 garbage-first heap   total 116736K, used 34488K [0x00000000c1800000, 0x0000000100000000)
  region size 1024K, 0 young (0K), 0 survivors (0K)
 Metaspace       used 46382K, committed 46848K, reserved 1089536K
  class space    used 6344K, committed 6528K, reserved 1048576K
}

Deoptimization events (20 events):
Event: 16.323 Thread 0x0000000051210550 DEOPT PACKING pc=0x0000000005af7f83 sp=0x000000005393e560
Event: 16.323 Thread 0x0000000051210550 DEOPT UNPACKING pc=0x0000000005502b24 sp=0x000000005393daa8 mode 3
Event: 17.357 Thread 0x000000005124b4a0 DEOPT PACKING pc=0x00000000058ca101 sp=0x0000000053f2ec10
Event: 17.357 Thread 0x000000005124b4a0 DEOPT UNPACKING pc=0x0000000005502b24 sp=0x0000000053f2e0a0 mode 3
Event: 18.756 Thread 0x00000000511e62b0 DEOPT PACKING pc=0x0000000005635117 sp=0x00000000533eef90
Event: 18.756 Thread 0x00000000511e62b0 DEOPT UNPACKING pc=0x0000000005502b24 sp=0x00000000533ee3e8 mode 3
Event: 39.492 Thread 0x0000000051210550 DEOPT PACKING pc=0x00000000058d779a sp=0x000000005393d600
Event: 39.492 Thread 0x0000000051210550 DEOPT UNPACKING pc=0x0000000005502b24 sp=0x000000005393cb08 mode 3
Event: 41.590 Thread 0x0000000051210550 DEOPT PACKING pc=0x0000000005f57df4 sp=0x000000005393de60
Event: 41.590 Thread 0x0000000051210550 DEOPT UNPACKING pc=0x0000000005502b24 sp=0x000000005393d358 mode 0
Event: 41.590 Thread 0x0000000051210550 DEOPT PACKING pc=0x0000000005f1d254 sp=0x000000005393df30
Event: 41.590 Thread 0x0000000051210550 DEOPT UNPACKING pc=0x0000000005502b24 sp=0x000000005393d408 mode 0
Event: 41.590 Thread 0x0000000051210550 DEOPT PACKING pc=0x0000000005f1801c sp=0x000000005393dfe0
Event: 41.590 Thread 0x0000000051210550 DEOPT UNPACKING pc=0x0000000005502b24 sp=0x000000005393d560 mode 0
Event: 41.592 Thread 0x0000000051210550 DEOPT PACKING pc=0x0000000005f34d9c sp=0x000000005393e2e0
Event: 41.592 Thread 0x0000000051210550 DEOPT UNPACKING pc=0x0000000005502b24 sp=0x000000005393d770 mode 0
Event: 42.176 Thread 0x0000000051210550 DEOPT PACKING pc=0x0000000005fcffd5 sp=0x000000005393ed90
Event: 42.176 Thread 0x0000000051210550 DEOPT UNPACKING pc=0x0000000005502b24 sp=0x000000005393e238 mode 3
Event: 124.521 Thread 0x0000000051161df0 DEOPT PACKING pc=0x00000000059fde54 sp=0x000000005315ecd0
Event: 124.521 Thread 0x0000000051161df0 DEOPT UNPACKING pc=0x0000000005502b24 sp=0x000000005315e178 mode 0

Classes unloaded (20 events):
Event: 158.006 Thread 0x000000000d19f6b0 Unloading class 0x000000000db4d400 'java/lang/invoke/LambdaForm$MH+0x000000000db4d400'
Event: 158.006 Thread 0x000000000d19f6b0 Unloading class 0x000000000d8d0000 'java/lang/invoke/LambdaForm$MH+0x000000000d8d0000'
Event: 168.630 Thread 0x000000000d19f6b0 Unloading class 0x000000000de5c400 'java/lang/invoke/LambdaForm$DMH+0x000000000de5c400'
Event: 168.630 Thread 0x000000000d19f6b0 Unloading class 0x000000000de52800 'jdk/internal/reflect/GeneratedConstructorAccessor28'
Event: 168.630 Thread 0x000000000d19f6b0 Unloading class 0x000000000de52400 'jdk/internal/reflect/GeneratedConstructorAccessor27'
Event: 168.630 Thread 0x000000000d19f6b0 Unloading class 0x000000000de52000 'jdk/internal/reflect/GeneratedConstructorAccessor26'
Event: 168.630 Thread 0x000000000d19f6b0 Unloading class 0x000000000de51c00 'jdk/internal/reflect/GeneratedConstructorAccessor25'
Event: 168.630 Thread 0x000000000d19f6b0 Unloading class 0x000000000de51800 'jdk/internal/reflect/GeneratedConstructorAccessor24'
Event: 168.630 Thread 0x000000000d19f6b0 Unloading class 0x000000000de51400 'jdk/internal/reflect/GeneratedConstructorAccessor23'
Event: 168.630 Thread 0x000000000d19f6b0 Unloading class 0x000000000de51000 'jdk/internal/reflect/GeneratedConstructorAccessor22'
Event: 168.630 Thread 0x000000000d19f6b0 Unloading class 0x000000000de50c00 'jdk/internal/reflect/GeneratedConstructorAccessor21'
Event: 168.630 Thread 0x000000000d19f6b0 Unloading class 0x000000000de50800 'jdk/internal/reflect/GeneratedConstructorAccessor20'
Event: 168.630 Thread 0x000000000d19f6b0 Unloading class 0x000000000de50400 'jdk/internal/reflect/GeneratedConstructorAccessor19'
Event: 168.630 Thread 0x000000000d19f6b0 Unloading class 0x000000000dcd8000 'java/lang/invoke/LambdaForm$MH+0x000000000dcd8000'
Event: 168.630 Thread 0x000000000d19f6b0 Unloading class 0x000000000dcd3c00 'java/lang/invoke/LambdaForm$MH+0x000000000dcd3c00'
Event: 168.630 Thread 0x000000000d19f6b0 Unloading class 0x000000000dcd3800 'java/lang/invoke/LambdaForm$MH+0x000000000dcd3800'
Event: 168.630 Thread 0x000000000d19f6b0 Unloading class 0x000000000dcd3400 'java/lang/invoke/LambdaForm$MH+0x000000000dcd3400'
Event: 168.630 Thread 0x000000000d19f6b0 Unloading class 0x000000000dcd3000 'java/lang/invoke/LambdaForm$MH+0x000000000dcd3000'
Event: 168.630 Thread 0x000000000d19f6b0 Unloading class 0x000000000dcd2c00 'java/lang/invoke/LambdaForm$MH+0x000000000dcd2c00'
Event: 168.630 Thread 0x000000000d19f6b0 Unloading class 0x000000000db4d000 'java/lang/invoke/LambdaForm$MH+0x000000000db4d000'

Classes redefined (0 events):
No events

Internal exceptions (20 events):
Event: 38.631 Thread 0x000000005124ab00 Exception <a 'sun/nio/fs/WindowsException'{0x00000000d8a8a960}> (0x00000000d8a8a960) 
thrown [s\src\hotspot\share\prims\jni.cpp, line 516]
Event: 38.631 Thread 0x000000005124ab00 Exception <a 'sun/nio/fs/WindowsException'{0x00000000d8a8b360}> (0x00000000d8a8b360) 
thrown [s\src\hotspot\share\prims\jni.cpp, line 516]
Event: 38.631 Thread 0x000000005124ab00 Exception <a 'sun/nio/fs/WindowsException'{0x00000000d8a8b710}> (0x00000000d8a8b710) 
thrown [s\src\hotspot\share\prims\jni.cpp, line 516]
Event: 38.631 Thread 0x000000005124ab00 Exception <a 'sun/nio/fs/WindowsException'{0x00000000d8a8c118}> (0x00000000d8a8c118) 
thrown [s\src\hotspot\share\prims\jni.cpp, line 516]
Event: 38.632 Thread 0x000000005124ab00 Exception <a 'sun/nio/fs/WindowsException'{0x00000000d8a8c4d8}> (0x00000000d8a8c4d8) 
thrown [s\src\hotspot\share\prims\jni.cpp, line 516]
Event: 38.632 Thread 0x000000005124ab00 Exception <a 'sun/nio/fs/WindowsException'{0x00000000d8a8ced8}> (0x00000000d8a8ced8) 
thrown [s\src\hotspot\share\prims\jni.cpp, line 516]
Event: 38.632 Thread 0x000000005124ab00 Exception <a 'sun/nio/fs/WindowsException'{0x00000000d8a8d290}> (0x00000000d8a8d290) 
thrown [s\src\hotspot\share\prims\jni.cpp, line 516]
Event: 38.632 Thread 0x000000005124ab00 Exception <a 'sun/nio/fs/WindowsException'{0x00000000d8a8dc98}> (0x00000000d8a8dc98) 
thrown [s\src\hotspot\share\prims\jni.cpp, line 516]
Event: 38.633 Thread 0x000000005124ab00 Exception <a 'sun/nio/fs/WindowsException'{0x00000000d8a8e058}> (0x00000000d8a8e058) 
thrown [s\src\hotspot\share\prims\jni.cpp, line 516]
Event: 38.634 Thread 0x000000005124ab00 Exception <a 'sun/nio/fs/WindowsException'{0x00000000d8a8ea80}> (0x00000000d8a8ea80) 
thrown [s\src\hotspot\share\prims\jni.cpp, line 516]
Event: 38.634 Thread 0x000000005124ab00 Exception <a 'sun/nio/fs/WindowsException'{0x00000000d8a8ee68}> (0x00000000d8a8ee68) 
thrown [s\src\hotspot\share\prims\jni.cpp, line 516]
Event: 38.634 Thread 0x000000005124ab00 Exception <a 'sun/nio/fs/WindowsException'{0x00000000d8a8f8a0}> (0x00000000d8a8f8a0) 
thrown [s\src\hotspot\share\prims\jni.cpp, line 516]
Event: 38.634 Thread 0x000000005124ab00 Exception <a 'sun/nio/fs/WindowsException'{0x00000000d8a8fca0}> (0x00000000d8a8fca0) 
thrown [s\src\hotspot\share\prims\jni.cpp, line 516]
Event: 38.634 Thread 0x000000005124ab00 Exception <a 'sun/nio/fs/WindowsException'{0x00000000d8a906d0}> (0x00000000d8a906d0) 
thrown [s\src\hotspot\share\prims\jni.cpp, line 516]
Event: 38.634 Thread 0x000000005124ab00 Exception <a 'sun/nio/fs/WindowsException'{0x00000000d8a90ac0}> (0x00000000d8a90ac0) 
thrown [s\src\hotspot\share\prims\jni.cpp, line 516]
Event: 38.664 Thread 0x0000000051249c90 Exception <a 'java/lang/NoSuchMethodError'{0x00000000d89083d0}: 'java.lang.Object java.lang.invoke.Invokers$Holder.invoke_MT(java.lang.Object, java.lang.Object, java.lang.Object)'> (0x00000000d89083d0) 
thrown [s\src\hotspot\share\interpreter\linkResolver.cpp, line 759]
Event: 75.226 Thread 0x0000000050da8050 Exception <a 'java/lang/NoSuchMethodError'{0x00000000e03b0358}: 'void java.lang.invoke.DirectMethodHandle$Holder.invokeStatic(java.lang.Object, long)'> (0x00000000e03b0358) 
thrown [s\src\hotspot\share\interpreter\linkResolver.cpp, line 759]
Event: 75.227 Thread 0x0000000050da8050 Exception <a 'java/lang/NoSuchMethodError'{0x00000000e03b8440}: 'java.lang.Object java.lang.invoke.DirectMethodHandle$Holder.invokeStatic(java.lang.Object, java.lang.Object, long, java.lang.Object)'> (0x00000000e03b8440) 
thrown [s\src\hotspot\share\interpreter\linkResolver.cpp, line 759]
Event: 75.228 Thread 0x0000000050da8050 Exception <a 'java/lang/NoSuchMethodError'{0x00000000e03bbed8}: 'java.lang.Object java.lang.invoke.DirectMethodHandle$Holder.invokeStaticInit(java.lang.Object, java.lang.Object, long, java.lang.Object)'> (0x00000000e03bbed8) 
thrown [s\src\hotspot\share\interpreter\linkResolver.cpp, line 759]
Event: 75.228 Thread 0x0000000050da8050 Exception <a 'java/lang/NoSuchMethodError'{0x00000000e03c2208}: 'java.lang.Object java.lang.invoke.DirectMethodHandle$Holder.newInvokeSpecial(java.lang.Object, java.lang.Object, long)'> (0x00000000e03c2208) 
thrown [s\src\hotspot\share\interpreter\linkResolver.cpp, line 759]

VM Operations (20 events):
Event: 802.790 Executing VM operation: G1CollectFull done
Event: 813.362 Executing VM operation: G1CollectFull
Event: 813.419 Executing VM operation: G1CollectFull done
Event: 823.671 Executing VM operation: G1CollectFull
Event: 823.728 Executing VM operation: G1CollectFull done
Event: 833.974 Executing VM operation: G1CollectFull
Event: 834.031 Executing VM operation: G1CollectFull done
Event: 844.539 Executing VM operation: G1CollectFull
Event: 844.599 Executing VM operation: G1CollectFull done
Event: 854.898 Executing VM operation: G1CollectFull
Event: 854.952 Executing VM operation: G1CollectFull done
Event: 865.238 Executing VM operation: G1CollectFull
Event: 865.293 Executing VM operation: G1CollectFull done
Event: 876.057 Executing VM operation: G1CollectFull
Event: 876.117 Executing VM operation: G1CollectFull done
Event: 887.106 Executing VM operation: G1CollectFull
Event: 887.179 Executing VM operation: G1CollectFull done
Event: 900.530 Executing VM operation: G1CollectFull
Event: 900.620 Executing VM operation: G1CollectFull done
Event: 915.668 Executing VM operation: G1CollectFull

Events (20 events):
Event: 75.190 loading class java/lang/Process done
Event: 75.190 loading class java/lang/ProcessImpl done
Event: 75.226 loading class java/lang/ProcessHandleImpl
Event: 75.227 loading class java/lang/ProcessHandle
Event: 75.227 loading class java/lang/ProcessHandle done
Event: 75.227 loading class java/lang/ProcessHandleImpl done
Event: 75.229 loading class java/lang/ProcessImpl$2
Event: 75.229 loading class java/lang/ProcessImpl$2 done
Event: 75.229 loading class java/lang/Process$PipeInputStream
Event: 75.229 loading class java/lang/Process$PipeInputStream done
Event: 75.230 loading class jdk/internal/event/ProcessStartEvent
Event: 75.230 loading class jdk/internal/event/ProcessStartEvent done
Event: 75.721 loading class java/io/FileOutputStream$1
Event: 75.721 loading class java/io/FileOutputStream$1 done
Event: 76.422 Thread 0x00000000512497c0 Thread exited: 0x00000000512497c0
Event: 76.428 Thread 0x000000005124a630 Thread exited: 0x000000005124a630
Event: 124.522 Thread 0x000000005124a630 Thread added: 0x000000005124a630
Event: 184.524 Thread 0x000000005124a630 Thread exited: 0x000000005124a630
Event: 449.964 Thread 0x000000005124a630 Thread added: 0x000000005124a630
Event: 509.966 Thread 0x000000005124a630 Thread exited: 0x000000005124a630


Dynamic libraries:
0x000000013f780000 - 0x000000013f78e000 	c:\Users\Yulieth\.vscode\extensions\redhat.java-1.12.0-win32-x64\jre\17.0.4.1-win32-x86_64\bin\java.exe
0x0000000076e50000 - 0x0000000076ff9000 	C:\Windows\SYSTEM32\ntdll.dll
0x0000000076c30000 - 0x0000000076d4f000 	C:\Windows\system32\kernel32.dll
0x000007fefce50000 - 0x000007fefcebb000 	C:\Windows\system32\KERNELBASE.dll
0x000007fef35b0000 - 0x000007fef35c8000 	c:\Users\Yulieth\.vscode\extensions\redhat.java-1.12.0-win32-x64\jre\17.0.4.1-win32-x86_64\bin\jli.dll
0x000007fefb630000 - 0x000007fefb824000 	C:\Windows\WinSxS\amd64_microsoft.windows.common-controls_6595b64144ccf1df_6.0.7601.17514_none_fa396087175ac9ac\COMCTL32.dll
0x000007fefebd0000 - 0x000007fefec6f000 	C:\Windows\system32\msvcrt.dll
0x000007fefe930000 - 0x000007fefe997000 	C:\Windows\system32\GDI32.dll
0x0000000076d50000 - 0x0000000076e4a000 	C:\Windows\system32\USER32.dll
0x000007fefe4e0000 - 0x000007fefe4ee000 	C:\Windows\system32\LPK.dll
0x000007fefe6d0000 - 0x000007fefe799000 	C:\Windows\system32\USP10.dll
0x000007fefee70000 - 0x000007fefeee1000 	C:\Windows\system32\SHLWAPI.dll
0x000007fef3590000 - 0x000007fef35a9000 	c:\Users\Yulieth\.vscode\extensions\redhat.java-1.12.0-win32-x64\jre\17.0.4.1-win32-x86_64\bin\VCRUNTIME140.dll
0x000007fef7580000 - 0x000007fef7584000 	c:\Users\Yulieth\.vscode\extensions\redhat.java-1.12.0-win32-x64\jre\17.0.4.1-win32-x86_64\bin\api-ms-win-crt-runtime-l1-1-0.dll
0x000007feda680000 - 0x000007feda77a000 	c:\Users\Yulieth\.vscode\extensions\redhat.java-1.12.0-win32-x64\jre\17.0.4.1-win32-x86_64\bin\ucrtbase.DLL
0x000007fef7510000 - 0x000007fef7513000 	c:\Users\Yulieth\.vscode\extensions\redhat.java-1.12.0-win32-x64\jre\17.0.4.1-win32-x86_64\bin\api-ms-win-core-localization-l1-2-0.dll
0x000007fef3d90000 - 0x000007fef3d93000 	c:\Users\Yulieth\.vscode\extensions\redhat.java-1.12.0-win32-x64\jre\17.0.4.1-win32-x86_64\bin\api-ms-win-core-processthreads-l1-1-1.dll
0x000007fef3d70000 - 0x000007fef3d73000 	c:\Users\Yulieth\.vscode\extensions\redhat.java-1.12.0-win32-x64\jre\17.0.4.1-win32-x86_64\bin\api-ms-win-core-file-l1-2-0.dll
0x000007fef3580000 - 0x000007fef3583000 	c:\Users\Yulieth\.vscode\extensions\redhat.java-1.12.0-win32-x64\jre\17.0.4.1-win32-x86_64\bin\api-ms-win-core-timezone-l1-1-0.dll
0x000007fef3570000 - 0x000007fef3573000 	c:\Users\Yulieth\.vscode\extensions\redhat.java-1.12.0-win32-x64\jre\17.0.4.1-win32-x86_64\bin\api-ms-win-core-file-l2-1-0.dll
0x000007fef3560000 - 0x000007fef3563000 	c:\Users\Yulieth\.vscode\extensions\redhat.java-1.12.0-win32-x64\jre\17.0.4.1-win32-x86_64\bin\api-ms-win-core-synch-l1-2-0.dll
0x000007fef3310000 - 0x000007fef3313000 	c:\Users\Yulieth\.vscode\extensions\redhat.java-1.12.0-win32-x64\jre\17.0.4.1-win32-x86_64\bin\api-ms-win-crt-heap-l1-1-0.dll
0x000007fef3300000 - 0x000007fef3304000 	c:\Users\Yulieth\.vscode\extensions\redhat.java-1.12.0-win32-x64\jre\17.0.4.1-win32-x86_64\bin\api-ms-win-crt-string-l1-1-0.dll
0x000007fef2b00000 - 0x000007fef2b04000 	c:\Users\Yulieth\.vscode\extensions\redhat.java-1.12.0-win32-x64\jre\17.0.4.1-win32-x86_64\bin\api-ms-win-crt-stdio-l1-1-0.dll
0x000007fef2850000 - 0x000007fef2854000 	c:\Users\Yulieth\.vscode\extensions\redhat.java-1.12.0-win32-x64\jre\17.0.4.1-win32-x86_64\bin\api-ms-win-crt-convert-l1-1-0.dll
0x000007fef26e0000 - 0x000007fef26e3000 	c:\Users\Yulieth\.vscode\extensions\redhat.java-1.12.0-win32-x64\jre\17.0.4.1-win32-x86_64\bin\api-ms-win-crt-environment-l1-1-0.dll
0x000007fef0440000 - 0x000007fef0443000 	c:\Users\Yulieth\.vscode\extensions\redhat.java-1.12.0-win32-x64\jre\17.0.4.1-win32-x86_64\bin\api-ms-win-crt-filesystem-l1-1-0.dll
0x000007feefea0000 - 0x000007feefea5000 	c:\Users\Yulieth\.vscode\extensions\redhat.java-1.12.0-win32-x64\jre\17.0.4.1-win32-x86_64\bin\api-ms-win-crt-math-l1-1-0.dll
0x000007feefe90000 - 0x000007feefe93000 	c:\Users\Yulieth\.vscode\extensions\redhat.java-1.12.0-win32-x64\jre\17.0.4.1-win32-x86_64\bin\api-ms-win-crt-locale-l1-1-0.dll
0x000007fefdf60000 - 0x000007fefdf8e000 	C:\Windows\system32\IMM32.DLL
0x000007fefeac0000 - 0x000007fefebc9000 	C:\Windows\system32\MSCTF.dll
0x000007feefe80000 - 0x000007feefe8c000 	c:\Users\Yulieth\.vscode\extensions\redhat.java-1.12.0-win32-x64\jre\17.0.4.1-win32-x86_64\bin\vcruntime140_1.dll
0x000007feda5e0000 - 0x000007feda671000 	c:\Users\Yulieth\.vscode\extensions\redhat.java-1.12.0-win32-x64\jre\17.0.4.1-win32-x86_64\bin\msvcp140.dll
0x000007feefe70000 - 0x000007feefe73000 	c:\Users\Yulieth\.vscode\extensions\redhat.java-1.12.0-win32-x64\jre\17.0.4.1-win32-x86_64\bin\api-ms-win-crt-time-l1-1-0.dll
0x000007feef9b0000 - 0x000007feef9b3000 	c:\Users\Yulieth\.vscode\extensions\redhat.java-1.12.0-win32-x64\jre\17.0.4.1-win32-x86_64\bin\api-ms-win-crt-utility-l1-1-0.dll
0x000007fed8d30000 - 0x000007fed9976000 	c:\Users\Yulieth\.vscode\extensions\redhat.java-1.12.0-win32-x64\jre\17.0.4.1-win32-x86_64\bin\server\jvm.dll
0x000007fefed90000 - 0x000007fefee6b000 	C:\Windows\system32\ADVAPI32.dll
0x000007fefea40000 - 0x000007fefea5f000 	C:\Windows\SYSTEM32\sechost.dll
0x000007feff030000 - 0x000007feff15d000 	C:\Windows\system32\RPCRT4.dll
0x000007fef3ee0000 - 0x000007fef3ee9000 	C:\Windows\system32\WSOCK32.dll
0x000007fefef00000 - 0x000007fefef4d000 	C:\Windows\system32\WS2_32.dll
0x000007fefeef0000 - 0x000007fefeef8000 	C:\Windows\system32\NSI.dll
0x000007fef8340000 - 0x000007fef837b000 	C:\Windows\system32\WINMM.dll
0x000007fefbcf0000 - 0x000007fefbcfc000 	C:\Windows\system32\VERSION.dll
0x0000000077020000 - 0x0000000077027000 	C:\Windows\system32\PSAPI.DLL
0x000007feef9a0000 - 0x000007feef9aa000 	c:\Users\Yulieth\.vscode\extensions\redhat.java-1.12.0-win32-x64\jre\17.0.4.1-win32-x86_64\bin\jimage.dll
0x000007fef75e0000 - 0x000007fef7705000 	C:\Windows\system32\DBGHELP.DLL
0x000007feef110000 - 0x000007feef135000 	c:\Users\Yulieth\.vscode\extensions\redhat.java-1.12.0-win32-x64\jre\17.0.4.1-win32-x86_64\bin\java.dll
0x000007fedfd10000 - 0x000007fedfd28000 	c:\Users\Yulieth\.vscode\extensions\redhat.java-1.12.0-win32-x64\jre\17.0.4.1-win32-x86_64\bin\zip.dll
0x000007fefd1d0000 - 0x000007fefdf58000 	C:\Windows\system32\SHELL32.dll
0x000007fefcfc0000 - 0x000007fefd1c3000 	C:\Windows\system32\ole32.dll
0x000007fefcc00000 - 0x000007fefcc0f000 	C:\Windows\system32\profapi.dll
0x000007feef310000 - 0x000007feef329000 	C:\Users\Yulieth\.vscode\extensions\redhat.java-1.12.0-win32-x64\jre\17.0.4.1-win32-x86_64\bin\net.dll
0x000007fef9ee0000 - 0x000007fef9f51000 	C:\Windows\system32\WINHTTP.dll
0x000007fef9e00000 - 0x000007fef9e64000 	C:\Windows\system32\webio.dll
0x000007fefc3a0000 - 0x000007fefc3f5000 	C:\Windows\system32\mswsock.dll
0x000007fefc390000 - 0x000007fefc397000 	C:\Windows\System32\wship6.dll
0x000007feef0c0000 - 0x000007feef0d5000 	C:\Users\Yulieth\.vscode\extensions\redhat.java-1.12.0-win32-x64\jre\17.0.4.1-win32-x86_64\bin\nio.dll
0x000007feeeed0000 - 0x000007feeeee0000 	c:\Users\Yulieth\.vscode\extensions\redhat.java-1.12.0-win32-x64\jre\17.0.4.1-win32-x86_64\bin\verify.dll
0x000007feeeec0000 - 0x000007feeeec9000 	C:\Users\Yulieth\.vscode\extensions\redhat.java-1.12.0-win32-x64\jre\17.0.4.1-win32-x86_64\bin\management.dll
0x000007feddb40000 - 0x000007feddb4b000 	C:\Users\Yulieth\.vscode\extensions\redhat.java-1.12.0-win32-x64\jre\17.0.4.1-win32-x86_64\bin\management_ext.dll
0x000007fefaa20000 - 0x000007fefaa35000 	C:\Windows\system32\NLAapi.dll
0x000007fef2ea0000 - 0x000007fef2eb5000 	C:\Windows\system32\napinsp.dll
0x000007fef2e80000 - 0x000007fef2e99000 	C:\Windows\system32\pnrpnsp.dll
0x000007fefc220000 - 0x000007fefc27b000 	C:\Windows\system32\DNSAPI.dll
0x000007fef2e70000 - 0x000007fef2e7b000 	C:\Windows\System32\winrnr.dll
0x000007fefbdc0000 - 0x000007fefbdc7000 	C:\Windows\System32\wshtcpip.dll
0x000007fefa420000 - 0x000007fefa447000 	C:\Windows\system32\IPHLPAPI.DLL
0x000007fefa410000 - 0x000007fefa41b000 	C:\Windows\system32\WINNSI.DLL
0x000007fef7ea0000 - 0x000007fef7ea8000 	C:\Windows\system32\rasadhlp.dll
0x000007fefa180000 - 0x000007fefa1d3000 	C:\Windows\System32\fwpuclnt.dll
0x000007fefc400000 - 0x000007fefc417000 	C:\Windows\system32\CRYPTSP.dll
0x000007fefc100000 - 0x000007fefc147000 	C:\Windows\system32\rsaenh.dll
0x000007fefce20000 - 0x000007fefce3e000 	C:\Windows\system32\USERENV.dll
0x000007fefcaa0000 - 0x000007fefcaaf000 	C:\Windows\system32\CRYPTBASE.dll
0x000007fef9bf0000 - 0x000007fef9c01000 	C:\Windows\system32\dhcpcsvc6.DLL
0x000007fefa110000 - 0x000007fefa128000 	C:\Windows\system32\dhcpcsvc.DLL
0x000007fefca40000 - 0x000007fefca97000 	C:\Windows\system32\apphelp.dll

dbghelp: loaded successfully - version: 4.0.5 - missing functions: none
symbol engine: initialized successfully - sym options: 0x614 - pdb path: .;c:\Users\Yulieth\.vscode\extensions\redhat.java-1.12.0-win32-x64\jre\17.0.4.1-win32-x86_64\bin;C:\Windows\SYSTEM32;C:\Windows\WinSxS\amd64_microsoft.windows.common-controls_6595b64144ccf1df_6.0.7601.17514_none_fa396087175ac9ac;c:\Users\Yulieth\.vscode\extensions\redhat.java-1.12.0-win32-x64\jre\17.0.4.1-win32-x86_64\bin\server

VM Arguments:
jvm_args: -Dsts.lsp.client=vscode -Dsts.log.file=/dev/null -XX:TieredStopAtLevel=1 -Xlog:jni+resolve=off -Dspring.config.location=file:c:\Users\Yulieth\.vscode\extensions\pivotal.vscode-spring-boot-1.40.0\language-server\BOOT-INF\classes\application.properties 
java_command: org.springframework.ide.vscode.boot.app.BootLanguageServerBootApp
java_class_path (initial): c:\Users\Yulieth\.vscode\extensions\pivotal.vscode-spring-boot-1.40.0\language-server\BOOT-INF\classes;c:\Users\Yulieth\.vscode\extensions\pivotal.vscode-spring-boot-1.40.0\language-server\BOOT-INF\lib\annotations-23.0.0.jar;c:\Users\Yulieth\.vscode\extensions\pivotal.vscode-spring-boot-1.40.0\language-server\BOOT-INF\lib\ant-1.10.12.jar;c:\Users\Yulieth\.vscode\extensions\pivotal.vscode-spring-boot-1.40.0\language-server\BOOT-INF\lib\ant-launcher-1.10.12.jar;c:\Users\Yulieth\.vscode\extensions\pivotal.vscode-spring-boot-1.40.0\language-server\BOOT-INF\lib\antlr-runtime-3.5.2.jar;c:\Users\Yulieth\.vscode\extensions\pivotal.vscode-spring-boot-1.40.0\language-server\BOOT-INF\lib\antlr4-4.9.3.jar;c:\Users\Yulieth\.vscode\extensions\pivotal.vscode-spring-boot-1.40.0\language-server\BOOT-INF\lib\antlr4-runtime-4.9.3.jar;c:\Users\Yulieth\.vscode\extensions\pivotal.vscode-spring-boot-1.40.0\language-server\BOOT-INF\lib\asm-9.3.jar;c:\Users\Yulieth\.vscode\extensions\pivotal.vscode-spring-boot-1.40.0\language-server\BOOT-INF\lib\asm-analysis-9.3.jar;c:\Users\Yulieth\.vscode\extensions\pivotal.vscode-spring-boot-1.40.0\language-server\BOOT-INF\lib\asm-tree-9.3.jar;c:\Users\Yulieth\.vscode\extensions\pivotal.vscode-spring-boot-1.40.0\language-server\BOOT-INF\lib\asm-util-9.3.jar;c:\Users\Yulieth\.vscode\extensions\pivotal.vscode-spring-boot-1.40.0\language-server\BOOT-INF\lib\byte-buddy-1.12.13.jar;c:\Users\Yulieth\.vscode\extensions\pivotal.vscode-spring-boot-1.40.0\language-server\BOOT-INF\lib\caffeine-2.9.3.jar;c:\Users\Yulieth\.vscode\extensions\pivotal.vscode-spring-boot-1.40.0\language-server\BOOT-INF\lib\checker-qual-3.12.0.jar;c:\Users\Yulieth\.vscode\extensions\pivotal.vscode-spring-boot-1.40.0\language-server\BOOT-INF\lib\classgraph-4.8.149.jar;c:\Users\Yulieth\.vscode\extensions\pivotal.vscode-spring-boot-1.40.0\language-server\BOOT-INF\lib\commons-codec-1.15.jar;c:\Users\Yulieth\.vscode\extensions\pivotal.vscode-spring-boot-1.40.0\lang
Launcher Type: SUN_STANDARD

[Global flags]
     intx CICompilerCount                          = 2                                         {product} {ergonomic}
     uint ConcGCThreads                            = 1                                         {product} {ergonomic}
     uint G1ConcRefinementThreads                  = 2                                         {product} {ergonomic}
   size_t G1HeapRegionSize                         = 1048576                                   {product} {ergonomic}
    uintx GCDrainStackTargetSize                   = 64                                        {product} {ergonomic}
   size_t InitialHeapSize                          = 67108864                                  {product} {ergonomic}
   size_t MarkStackSize                            = 4194304                                   {product} {ergonomic}
   size_t MaxHeapSize                              = 1048576000                                {product} {ergonomic}
   size_t MaxNewSize                               = 629145600                                 {product} {ergonomic}
   size_t MinHeapDeltaBytes                        = 1048576                                   {product} {ergonomic}
   size_t MinHeapSize                              = 8388608                                   {product} {ergonomic}
    uintx NonProfiledCodeHeapSize                  = 0                                      {pd product} {ergonomic}
     bool ProfileInterpreter                       = false                                  {pd product} {command line}
    uintx ProfiledCodeHeapSize                     = 0                                      {pd product} {ergonomic}
   size_t SoftMaxHeapSize                          = 1048576000                             {manageable} {ergonomic}
     intx TieredStopAtLevel                        = 1                                         {product} {command line}
     bool UseCompressedClassPointers               = true                           {product lp64_product} {ergonomic}
     bool UseCompressedOops                        = true                           {product lp64_product} {ergonomic}
     bool UseG1GC                                  = true                                      {product} {ergonomic}
     bool UseLargePagesIndividualAllocation        = false                                  {pd product} {ergonomic}

Logging:
Log output configuration:
 #0: stdout all=warning,jni+resolve=off uptime,level,tags
 #1: stderr all=off uptime,level,tags

Environment Variables:
PATH=C:\Program Files (x86)\Common Files\Oracle\Java\javapath;C:\Windows\system32;C:\Windows;C:\Windows\System32\Wbem;C:\Windows\System32\WindowsPowerShell\v1.0\;C:\Program Files (x86)\Windows Live\Shared;C:\Users\Yulieth\AppData\Local\Programs\Python\Python35\Scripts\;C:\Users\Yulieth\AppData\Local\Programs\Python\Python35\;C:\Users\Yulieth\AppData\Local\Programs\Microsoft VS Code\bin;C:\Users\Yulieth\AppData\Local\GitHubDesktop\bin
USERNAME=Yulieth
OS=Windows_NT
PROCESSOR_IDENTIFIER=Intel64 Family 6 Model 23 Stepping 10, GenuineIntel
TMP=C:\Users\Yulieth\AppData\Local\Temp
TEMP=C:\Users\Yulieth\AppData\Local\Temp



---------------  S Y S T E M  ---------------

OS:
 Windows 7 , 64 bit Build 7601 (6.1.7601.18015)
OS uptime: 0 days 4:25 hours

CPU: total 2 (initial active 2) (2 cores per cpu, 1 threads per core) family 6 model 23 stepping 10 microcode 0x0, cx8, cmov, fxsr, mmx, sse, sse2, sse3, ssse3, sse4.1, tsc, clflush

Memory: 4k page, system-wide physical 3995M (558M free)
TotalPageFile size 8373M (AvailPageFile size 269M)
current process WorkingSet (physical memory assigned to process): 254M, peak: 668M
current process commit charge ("private bytes"): 256M, peak: 670M

vm_info: OpenJDK 64-Bit Server VM (17.0.4.1+1) for windows-amd64 JRE (17.0.4.1+1), built on Aug 17 2022 07:42:43 by "temurin" with MS VC++ 16.7 (VS2019)

END.
